<?xml version="1.0" encoding="UTF-8"?>
<testng-results skipped="0" failed="0" ignored="0" total="4" passed="4">
  <reporter-output>
  </reporter-output>
  <suite name="Suite" duration-ms="52572" started-at="2018-03-18T06:43:03Z" finished-at="2018-03-18T06:43:56Z">
    <groups>
    </groups>
    <test name="TestEdx" duration-ms="41919" started-at="2018-03-18T06:43:03Z" finished-at="2018-03-18T06:43:45Z">
      <class name="com.sin.scenario.Test002">
        <test-method status="PASS" signature="verifySearchButton()[pri:0, instance:com.sin.scenario.Test002@4501b7af]" name="verifySearchButton" duration-ms="4672" started-at="2018-03-18T12:13:03Z" finished-at="2018-03-18T12:13:08Z">
          <reporter-output>
          </reporter-output>
        </test-method> <!-- verifySearchButton -->
        <test-method status="PASS" signature="loginEdx()[pri:0, instance:com.sin.scenario.Test002@4501b7af]" name="loginEdx" duration-ms="22598" started-at="2018-03-18T12:13:08Z" depends-on-methods="com.sin.scenario.Test002.verifySearchButton" finished-at="2018-03-18T12:13:30Z">
          <reporter-output>
          </reporter-output>
        </test-method> <!-- loginEdx -->
      </class> <!-- com.sin.scenario.Test002 -->
      <class name="com.sin.scenario.Test003">
        <test-method status="PASS" signature="loginEdx()[pri:0, instance:com.sin.scenario.Test003@61832929]" name="loginEdx" duration-ms="14550" started-at="2018-03-18T12:13:30Z" finished-at="2018-03-18T12:13:45Z">
          <reporter-output>
          </reporter-output>
        </test-method> <!-- loginEdx -->
      </class> <!-- com.sin.scenario.Test003 -->
    </test> <!-- TestEdx -->
    <test name="TestCoursera" duration-ms="10571" started-at="2018-03-18T06:43:45Z" finished-at="2018-03-18T06:43:56Z">
      <class name="com.sin.scenario.Test002">
        <test-method status="PASS" signature="beforeClass()[pri:0, instance:com.sin.scenario.Test002@4501b7af]" name="beforeClass" is-config="true" duration-ms="5161" started-at="2018-03-18T12:12:58Z" finished-at="2018-03-18T12:13:03Z">
          <reporter-output>
          </reporter-output>
        </test-method> <!-- beforeClass -->
        <test-method status="PASS" signature="afterClass()[pri:0, instance:com.sin.scenario.Test002@4501b7af]" name="afterClass" is-config="true" duration-ms="836" started-at="2018-03-18T12:13:56Z" finished-at="2018-03-18T12:13:56Z">
          <reporter-output>
          </reporter-output>
        </test-method> <!-- afterClass -->
      </class> <!-- com.sin.scenario.Test002 -->
      <class name="com.sin.scenario.Test003">
        <test-method status="PASS" signature="loginEdx()[pri:0, instance:com.sin.scenario.Test003@77cd7a0]" name="loginEdx" duration-ms="10551" started-at="2018-03-18T12:13:45Z" finished-at="2018-03-18T12:13:56Z">
          <reporter-output>
          </reporter-output>
        </test-method> <!-- loginEdx -->
      </class> <!-- com.sin.scenario.Test003 -->
    </test> <!-- TestCoursera -->
  </suite> <!-- Suite -->
</testng-results>
