<?xml version="1.0" encoding="UTF-8"?>
<testng-results skipped="0" failed="0" ignored="0" total="2" passed="2">
  <reporter-output>
  </reporter-output>
  <suite name="Default suite" duration-ms="9998" started-at="2018-04-08T14:29:22Z" finished-at="2018-04-08T14:29:32Z">
    <groups>
    </groups>
    <test name="Default test" duration-ms="9998" started-at="2018-04-08T14:29:22Z" finished-at="2018-04-08T14:29:32Z">
      <class name="com.sin.scenario.Test002">
        <test-method status="PASS" signature="beforeSuite()[pri:0, instance:com.sin.scenario.Test002@475530b9]" name="beforeSuite" is-config="true" duration-ms="2927" started-at="2018-04-08T19:59:19Z" finished-at="2018-04-08T19:59:22Z">
          <reporter-output>
          </reporter-output>
        </test-method> <!-- beforeSuite -->
        <test-method status="PASS" signature="verifySearchButton()[pri:0, instance:com.sin.scenario.Test002@475530b9]" name="verifySearchButton" duration-ms="1493" started-at="2018-04-08T19:59:22Z" finished-at="2018-04-08T19:59:24Z">
          <reporter-output>
          </reporter-output>
        </test-method> <!-- verifySearchButton -->
        <test-method status="PASS" signature="loginEdx()[pri:0, instance:com.sin.scenario.Test002@475530b9]" name="loginEdx" duration-ms="8477" started-at="2018-04-08T19:59:24Z" depends-on-methods="com.sin.scenario.Test002.verifySearchButton" finished-at="2018-04-08T19:59:32Z">
          <reporter-output>
          </reporter-output>
        </test-method> <!-- loginEdx -->
        <test-method status="PASS" signature="afterClass()[pri:0, instance:com.sin.scenario.Test002@475530b9]" name="afterClass" is-config="true" duration-ms="620" started-at="2018-04-08T19:59:32Z" finished-at="2018-04-08T19:59:33Z">
          <reporter-output>
          </reporter-output>
        </test-method> <!-- afterClass -->
      </class> <!-- com.sin.scenario.Test002 -->
    </test> <!-- Default test -->
  </suite> <!-- Default suite -->
</testng-results>
