<?xml version="1.0" encoding="UTF-8"?>
<!-- Generated by org.testng.reporters.JUnitXMLReporter -->
<testsuite hostname="Leonidas" ignored="0" name="Default test" tests="4" failures="0" timestamp="07 Apr 2018 08:45:03 GMT" time="21.925" errors="0">
  <testcase name="googleCheeseExample" time="5.905" classname="com.sin.base.BasicTestWD"/>
  <testcase name="googleDrinkExample" time="4.469" classname="com.sin.base.BasicTestWD"/>
  <testcase name="googleMilkExample" time="4.359" classname="com.sin.base.BasicTestWD"/>
  <testcase name="googleMouseExample" time="4.798" classname="com.sin.base.BasicTestWD"/>
</testsuite> <!-- Default test -->
