<?xml version="1.0" encoding="UTF-8"?>
<!-- Generated by org.testng.reporters.JUnitXMLReporter -->
<testsuite hostname="Leonidas" ignored="0" name="ExceptionTest" tests="2" failures="1" timestamp="09 Apr 2018 05:29:23 GMT" time="0.026" errors="0">
  <testcase name="dividedByZeroExample1" time="0.007" classname="com.sin.scenario.Test004"/>
  <testcase name="dividedByZeroExample2" time="0.003" classname="com.sin.scenario.Test004">
    <failure type="java.lang.ArithmeticException" message="/ by zero">
      <![CDATA[java.lang.ArithmeticException: / by zeroat com.sin.scenario.Test004.dividedByZeroExample2(Test004.java:19)... Removed 25 stack frames]]>
    </failure>
  </testcase> <!-- dividedByZeroExample2 -->
</testsuite> <!-- ExceptionTest -->
