<?xml version="1.0" encoding="UTF-8"?>
<!-- Generated by org.testng.reporters.JUnitXMLReporter -->
<testsuite hostname="Leonidas" ignored="0" name="TestEdx" tests="3" failures="0" timestamp="20 Mar 2018 11:50:48 GMT" time="19.603" errors="0">
  <testcase name="verifySearchButton" time="5.124" classname="com.sin.scenario.Test002"/>
  <testcase name="loginEdx" time="9.178" classname="com.sin.scenario.Test002"/>
  <testcase name="browseCourses" time="5.275" classname="com.sin.scenario.Test003"/>
</testsuite> <!-- TestEdx -->
