<?xml version="1.0" encoding="UTF-8"?>
<!-- Generated by org.testng.reporters.JUnitXMLReporter -->
<testsuite hostname="Leonidas" ignored="0" name="TestCoursera" tests="3" failures="0" timestamp="17 Mar 2018 19:53:36 GMT" time="12.469" errors="0">
  <testcase name="verifySearchButton" time="1.095" classname="com.sin.scenario.Test002"/>
  <testcase name="loginEdx" time="6.005" classname="com.sin.scenario.Test002"/>
  <testcase name="loginEdx" time="5.364" classname="com.sin.scenario.Test003"/>
</testsuite> <!-- TestCoursera -->
