<?xml version="1.0" encoding="UTF-8"?>
<!-- Generated by org.testng.reporters.JUnitXMLReporter -->
<testsuite hostname="Leonidas" ignored="0" name="TestEdx" tests="3" failures="0" timestamp="07 Apr 2018 18:47:10 GMT" time="12.187" errors="0">
  <testcase name="verifySearchButton" time="1.209" classname="com.sin.scenario.Test002"/>
  <testcase name="loginEdx" time="7.693" classname="com.sin.scenario.Test002"/>
  <testcase name="browseCourses" time="3.262" classname="com.sin.scenario.Test003"/>
</testsuite> <!-- TestEdx -->
