<?xml version="1.0" encoding="UTF-8"?>
<testng-results skipped="0" failed="0" ignored="0" total="4" passed="4">
  <reporter-output>
  </reporter-output>
  <suite name="Default suite" duration-ms="21925" started-at="2018-04-07T08:44:41Z" finished-at="2018-04-07T08:45:03Z">
    <groups>
    </groups>
    <test name="Default test" duration-ms="21925" started-at="2018-04-07T08:44:41Z" finished-at="2018-04-07T08:45:03Z">
      <class name="com.sin.base.BasicTestWD">
        <test-method status="PASS" signature="instantiateDriverObject()[pri:0, instance:com.sin.base.BasicTestWD@4501b7af]" name="instantiateDriverObject" is-config="true" duration-ms="10" started-at="2018-04-07T14:14:41Z" finished-at="2018-04-07T14:14:41Z">
          <reporter-output>
          </reporter-output>
        </test-method> <!-- instantiateDriverObject -->
        <test-method status="PASS" signature="googleCheeseExample()[pri:0, instance:com.sin.base.BasicTestWD@4501b7af]" name="googleCheeseExample" duration-ms="5905" started-at="2018-04-07T14:14:41Z" finished-at="2018-04-07T14:14:47Z">
          <reporter-output>
          </reporter-output>
        </test-method> <!-- googleCheeseExample -->
        <test-method status="PASS" signature="quitDriver()[pri:0, instance:com.sin.base.BasicTestWD@4501b7af]" name="quitDriver" is-config="true" duration-ms="597" started-at="2018-04-07T14:14:47Z" finished-at="2018-04-07T14:14:47Z">
          <reporter-output>
          </reporter-output>
        </test-method> <!-- quitDriver -->
        <test-method status="PASS" signature="googleDrinkExample()[pri:0, instance:com.sin.base.BasicTestWD@4501b7af]" name="googleDrinkExample" duration-ms="4469" started-at="2018-04-07T14:14:47Z" finished-at="2018-04-07T14:14:52Z">
          <reporter-output>
          </reporter-output>
        </test-method> <!-- googleDrinkExample -->
        <test-method status="PASS" signature="quitDriver()[pri:0, instance:com.sin.base.BasicTestWD@4501b7af]" name="quitDriver" is-config="true" duration-ms="586" started-at="2018-04-07T14:14:52Z" finished-at="2018-04-07T14:14:52Z">
          <reporter-output>
          </reporter-output>
        </test-method> <!-- quitDriver -->
        <test-method status="PASS" signature="googleMilkExample()[pri:0, instance:com.sin.base.BasicTestWD@4501b7af]" name="googleMilkExample" duration-ms="4359" started-at="2018-04-07T14:14:52Z" finished-at="2018-04-07T14:14:57Z">
          <reporter-output>
          </reporter-output>
        </test-method> <!-- googleMilkExample -->
        <test-method status="PASS" signature="quitDriver()[pri:0, instance:com.sin.base.BasicTestWD@4501b7af]" name="quitDriver" is-config="true" duration-ms="595" started-at="2018-04-07T14:14:57Z" finished-at="2018-04-07T14:14:57Z">
          <reporter-output>
          </reporter-output>
        </test-method> <!-- quitDriver -->
        <test-method status="PASS" signature="googleMouseExample()[pri:0, instance:com.sin.base.BasicTestWD@4501b7af]" name="googleMouseExample" duration-ms="4798" started-at="2018-04-07T14:14:57Z" finished-at="2018-04-07T14:15:02Z">
          <reporter-output>
          </reporter-output>
        </test-method> <!-- googleMouseExample -->
        <test-method status="PASS" signature="quitDriver()[pri:0, instance:com.sin.base.BasicTestWD@4501b7af]" name="quitDriver" is-config="true" duration-ms="590" started-at="2018-04-07T14:15:02Z" finished-at="2018-04-07T14:15:03Z">
          <reporter-output>
          </reporter-output>
        </test-method> <!-- quitDriver -->
      </class> <!-- com.sin.base.BasicTestWD -->
    </test> <!-- Default test -->
  </suite> <!-- Default suite -->
</testng-results>
